#
# A fatal error has been detected by the Java Runtime Environment:
#
#  SIGSEGV (0xb) at pc=0x0000000000000000, pid=30293, tid=82703
#
# JRE version: Java(TM) SE Runtime Environment (16.0.2+7) (build 16.0.2+7-67)
# Java VM: Java HotSpot(TM) 64-Bit Server VM (16.0.2+7-67, mixed mode, sharing, tiered, compressed oops, compressed class ptrs, g1 gc, bsd-amd64)
# Problematic frame:
# C  0x0000000000000000
#
# No core dump will be written. Core dumps have been disabled. To enable core dumping, try "ulimit -c unlimited" before starting Java again
#
# If you would like to submit a bug report, please visit:
#   https://bugreport.java.com/bugreport/crash.jsp
#

---------------  S U M M A R Y ------------

Command Line: -XX:TieredStopAtLevel=1 -Xverify:none -Dspring.output.ansi.enabled=always -javaagent:/Applications/IntelliJ IDEA.app/Contents/lib/idea_rt.jar=54621:/Applications/IntelliJ IDEA.app/Contents/bin -Dcom.sun.management.jmxremote -Dspring.jmx.enabled=true -Dspring.liveBeansView.mbeanDomain -Dspring.application.admin.enabled=true -agentpath:/private/var/folders/36/x6n__5nj5472749q6h2wfffw0000gn/T/libasyncProfiler.so=start,jfr,event=cpu,interval=1ms,event=alloc,file=/Users/timothylefkowitz/photonlabs_2021_08_30_153215.jfr -Dfile.encoding=UTF-8 com.home.facebookclone.FaceBookCloneApplication

Host: MacBookAir10,1 x86_64 2400 MHz, 8 cores, 8G, Darwin 20.6.0, macOS 10.16 (20G95)
Time: Mon Aug 30 15:32:43 2021 CDT elapsed time: 26.671808 seconds (0d 0h 0m 26s)

---------------  T H R E A D  ---------------

Current thread (0x00007f95248d1400):  JavaThread "File Watcher" daemon [_thread_in_vm, id=82703, stack(0x0000000310c3a000,0x0000000310d3a000)]

Stack: [0x0000000310c3a000,0x0000000310d3a000],  sp=0x0000000310d38e08,  free space=1019k
Java frames: (J=compiled Java code, j=interpreted, Vv=VM code)
v  ~RuntimeStub::fast_new_instance Runtime1 stub
J 1846 c1 java.util.LinkedHashMap.newNode(ILjava/lang/Object;Ljava/lang/Object;Ljava/util/HashMap$Node;)Ljava/util/HashMap$Node; java.base@16.0.2 (23 bytes) @ 0x000000011cb145d8 [0x000000011cb143c0+0x0000000000000218]
J 108 c1 java.util.HashMap.putVal(ILjava/lang/Object;Ljava/lang/Object;ZZ)Ljava/lang/Object; java.base@16.0.2 (300 bytes) @ 0x000000011c7f2e54 [0x000000011c7f2d60+0x00000000000000f4]
J 101 c1 java.util.HashSet.add(Ljava/lang/Object;)Z java.base@16.0.2 (20 bytes) @ 0x000000011c7f0b74 [0x000000011c7f0ac0+0x00000000000000b4]
J 5835 c1 org.springframework.boot.devtools.filewatch.DirectorySnapshot.collectFiles(Ljava/io/File;Ljava/util/Set;)V (99 bytes) @ 0x000000011d30425c [0x000000011d303fe0+0x000000000000027c]
J 5835 c1 org.springframework.boot.devtools.filewatch.DirectorySnapshot.collectFiles(Ljava/io/File;Ljava/util/Set;)V (99 bytes) @ 0x000000011d30427c [0x000000011d303fe0+0x000000000000029c]
J 5835 c1 org.springframework.boot.devtools.filewatch.DirectorySnapshot.collectFiles(Ljava/io/File;Ljava/util/Set;)V (99 bytes) @ 0x000000011d30427c [0x000000011d303fe0+0x000000000000029c]
J 5835 c1 org.springframework.boot.devtools.filewatch.DirectorySnapshot.collectFiles(Ljava/io/File;Ljava/util/Set;)V (99 bytes) @ 0x000000011d30427c [0x000000011d303fe0+0x000000000000029c]
J 5835 c1 org.springframework.boot.devtools.filewatch.DirectorySnapshot.collectFiles(Ljava/io/File;Ljava/util/Set;)V (99 bytes) @ 0x000000011d30427c [0x000000011d303fe0+0x000000000000029c]
j  org.springframework.boot.devtools.filewatch.DirectorySnapshot.<init>(Ljava/io/File;)V+58
j  org.springframework.boot.devtools.filewatch.FileSystemWatcher$Watcher.getCurrentSnapshots()Ljava/util/Map;+49
j  org.springframework.boot.devtools.filewatch.FileSystemWatcher$Watcher.scan()V+20
j  org.springframework.boot.devtools.filewatch.FileSystemWatcher$Watcher.run()V+30
j  java.lang.Thread.run()V+11 java.base@16.0.2
v  ~StubRoutines::call_stub

siginfo: si_signo: 11 (SIGSEGV), si_code: 1 (SEGV_MAPERR), si_addr: 0x0000000000000000

Register to memory mapping:

RAX=0x0000000112497618: _ZN15JfrEventSetting19_jvm_event_settingsE+0 in /Library/Java/JavaVirtualMachines/jdk-16.0.2.jdk/Contents/Home/lib/server/libjvm.dylib at 0x0000000111800000
RBX=0x0000000112455e18: _ZN23CompressedKlassPointers13_narrow_klassE+0 in /Library/Java/JavaVirtualMachines/jdk-16.0.2.jdk/Contents/Home/lib/server/libjvm.dylib at 0x0000000111800000
RCX=0x00007f95248d1400 is a thread
RDX=0x0 is NULL
RSP=0x0000000310d38e08 is pointing into the stack for thread: 0x00007f95248d1400
RBP=0x00000001120082bf: _ZN12MemAllocator10Allocation17notify_allocationEv+0x19f in /Library/Java/JavaVirtualMachines/jdk-16.0.2.jdk/Contents/Home/lib/server/libjvm.dylib at 0x0000000111800000
RSI=0x0000000000000028 is an unknown value
RDI=0x0000000112486988: _ZL21_last_allocated_bytes+0 in /Library/Java/JavaVirtualMachines/jdk-16.0.2.jdk/Contents/Home/lib/server/libjvm.dylib at 0x0000000111800000
R8 =0x0 is NULL
R9 =0x00007f95248d1400 is a thread
R10=0x0000000800000000 is pointing into metadata
R11=0x0000000078e7f0bc is an unknown value
R12=0x0 is NULL
R13=0x00007f95248d1400 is a thread
R14=0x0000000310d38e40 is pointing into the stack for thread: 0x00007f95248d1400
R15=0x00007f95248d1400 is a thread


Registers:
RAX=0x0000000112497618, RBX=0x0000000112455e18, RCX=0x00007f95248d1400, RDX=0x0000000000000000
RSP=0x0000000310d38e08, RBP=0x00000001120082bf, RSI=0x0000000000000028, RDI=0x0000000112486988
R8 =0x0000000000000000, R9 =0x00007f95248d1400, R10=0x0000000800000000, R11=0x0000000078e7f0bc
R12=0x0000000000000000, R13=0x00007f95248d1400, R14=0x0000000310d38e40, R15=0x00007f95248d1400
RIP=0x0000000000000000, EFLAGS=0x0000000000000206, ERR=0x0000000000000004
  TRAPNO=0x000000000000000e

Top of Stack: (sp=0x0000000310d38e08)
0x0000000310d38e08:   0000000310d38e90 0000000000000000
0x0000000310d38e18:   00007f95248d1400 0000000002200020
0x0000000310d38e28:   00007f95248d1400 0000000310d38e80
0x0000000310d38e38:   000000011200878f 0000000310d38e90
0x0000000310d38e48:   00007f95248d1400 0000000310d38e70
0x0000000310d38e58:   0000000000000000 0000000000004bab
0x0000000310d38e68:   00007fff20518700 0000000783bda2a8
0x0000000310d38e78:   00007f95248d1400 0000000310d38ec0
0x0000000310d38e88:   0000000111ce70a1 0000000112441560
0x0000000310d38e98:   00007f95248d1400 000000080013f7d8
0x0000000310d38ea8:   0000000000000005 0000000783ba0298
0x0000000310d38eb8:   000000080013f7d8 0000000310d38f00
0x0000000310d38ec8:   0000000111a5938d 0000000783bae7c0
0x0000000310d38ed8:   0000000783ba0298 0000000000000000
0x0000000310d38ee8:   0000000783bae798 0000000000000080
0x0000000310d38ef8:   00007f95248d1400 0000000310d39380
0x0000000310d38f08:   000000011c0c0ce0 10d38f0000000000
0x0000000310d38f18:   000000000000006f 000000000000006f
0x0000000310d38f28:   0000000000000000 0000000000000000
0x0000000310d38f38:   000000ff000000ff 0000000000000000
0x0000000310d38f48:   0000000100000001 0000000000000000
0x0000000310d38f58:   0000000000000000 0000000000000000
0x0000000310d38f68:   0000000000000000 0000000000000000
0x0000000310d38f78:   0000000000000000 0000000000000000
0x0000000310d38f88:   0000000000000000 0000000000000000
0x0000000310d38f98:   0000000000000000 0000000000000000
0x0000000310d38fa8:   0000000000000000 0000000000000000
0x0000000310d38fb8:   0000000000000000 0000000000000000
0x0000000310d38fc8:   0000000000000000 0000000000000000
0x0000000310d38fd8:   0000000000000000 0000000000000000
0x0000000310d38fe8:   0000000000000000 0000000000000000
0x0000000310d38ff8:   0000000000000000 0000000000000000 

Instructions: (pc=0x0000000000000000)
0xffffffffffffff00:   


Stack slot to memory mapping:
stack at sp + 0 slots: 0x0000000310d38e90 is pointing into the stack for thread: 0x00007f95248d1400
stack at sp + 1 slots: 0x0 is NULL
stack at sp + 2 slots: 0x00007f95248d1400 is a thread
stack at sp + 3 slots: 0x0000000002200020 is an unknown value
stack at sp + 4 slots: 0x00007f95248d1400 is a thread
stack at sp + 5 slots: 0x0000000310d38e80 is pointing into the stack for thread: 0x00007f95248d1400
stack at sp + 6 slots: 0x000000011200878f: _ZNK12MemAllocator8allocateEv+0xef in /Library/Java/JavaVirtualMachines/jdk-16.0.2.jdk/Contents/Home/lib/server/libjvm.dylib at 0x0000000111800000
stack at sp + 7 slots: 0x0000000310d38e90 is pointing into the stack for thread: 0x00007f95248d1400


---------------  P R O C E S S  ---------------

Threads class SMR info:
_java_thread_list=0x00007f9504405120, length=32, elements={
0x00007f952485b600, 0x00007f952485de00, 0x00007f9525012c00, 0x00007f9525013200,
0x00007f9525091400, 0x00007f9525091a00, 0x00007f9525092000, 0x00007f952485fa00,
0x00007f95250b5c00, 0x00007f951480a400, 0x00007f95250b6200, 0x00007f9524ec8400,
0x00007f952523e800, 0x00007f94e4873a00, 0x00007f9524fb7a00, 0x00007f94e484ec00,
0x00007f94e499e000, 0x00007f95248d1400, 0x00007f952525b000, 0x00007f952525be00,
0x00007f95248d1a00, 0x00007f9524f46200, 0x00007f9524f46800, 0x00007f95248f2000,
0x00007f95253b5c00, 0x00007f9514886400, 0x00007f95253b6200, 0x00007f95253b6800,
0x00007f94f4a21e00, 0x00007f9524f48e00, 0x00007f95248f2600, 0x00007f9524817400
}

Java Threads: ( => current thread )
  0x00007f952485b600 JavaThread "Reference Handler" daemon [_thread_blocked, id=22107, stack(0x000000030ec4d000,0x000000030ed4d000)]
  0x00007f952485de00 JavaThread "Finalizer" daemon [_thread_blocked, id=43267, stack(0x000000030ed50000,0x000000030ee50000)]
  0x00007f9525012c00 JavaThread "Signal Dispatcher" daemon [_thread_blocked, id=25347, stack(0x000000030ef63000,0x000000030f063000)]
  0x00007f9525013200 JavaThread "Service Thread" daemon [_thread_blocked, id=41475, stack(0x000000030f066000,0x000000030f166000)]
  0x00007f9525091400 JavaThread "Monitor Deflation Thread" daemon [_thread_blocked, id=41219, stack(0x000000030f169000,0x000000030f269000)]
  0x00007f9525091a00 JavaThread "C1 CompilerThread0" daemon [_thread_blocked, id=26371, stack(0x000000030f26c000,0x000000030f36c000)]
  0x00007f9525092000 JavaThread "Sweeper thread" daemon [_thread_blocked, id=26627, stack(0x000000030f36f000,0x000000030f46f000)]
  0x00007f952485fa00 JavaThread "Common-Cleaner" daemon [_thread_blocked, id=27247, stack(0x000000030f472000,0x000000030f572000)]
  0x00007f95250b5c00 JavaThread "Attach Listener" daemon [_thread_blocked, id=39427, stack(0x000000030f575000,0x000000030f675000)]
  0x00007f951480a400 JavaThread "Monitor Ctrl-Break" daemon [_thread_in_native, id=38683, stack(0x000000030f678000,0x000000030f778000)]
  0x00007f95250b6200 JavaThread "Notification Thread" daemon [_thread_blocked, id=37143, stack(0x000000030f7fe000,0x000000030f8fe000)]
  0x00007f9524ec8400 JavaThread "RMI TCP Accept-0" daemon [_thread_in_native, id=36623, stack(0x000000030f901000,0x000000030fa01000)]
  0x00007f952523e800 JavaThread "Catalina-utility-1" [_thread_blocked, id=45135, stack(0x0000000310628000,0x0000000310728000)]
  0x00007f94e4873a00 JavaThread "Catalina-utility-2" [_thread_blocked, id=84503, stack(0x000000031072b000,0x000000031082b000)]
  0x00007f9524fb7a00 JavaThread "container-0" [_thread_blocked, id=45887, stack(0x000000031082e000,0x000000031092e000)]
  0x00007f94e484ec00 JavaThread "mysql-cj-abandoned-connection-cleanup" daemon [_thread_blocked, id=46367, stack(0x0000000310931000,0x0000000310a31000)]
  0x00007f94e499e000 JavaThread "HikariPool-1 housekeeper" daemon [_thread_blocked, id=83799, stack(0x0000000310a34000,0x0000000310b34000)]
=>0x00007f95248d1400 JavaThread "File Watcher" daemon [_thread_in_vm, id=82703, stack(0x0000000310c3a000,0x0000000310d3a000)]
  0x00007f952525b000 JavaThread "Live Reload Server" daemon [_thread_in_native, id=81927, stack(0x0000000310e40000,0x0000000310f40000)]
  0x00007f952525be00 JavaThread "http-nio-8080-exec-1" daemon [_thread_blocked, id=47927, stack(0x0000000310d3d000,0x0000000310e3d000)]
  0x00007f95248d1a00 JavaThread "http-nio-8080-exec-2" daemon [_thread_blocked, id=48387, stack(0x0000000310f43000,0x0000000311043000)]
  0x00007f9524f46200 JavaThread "http-nio-8080-exec-3" daemon [_thread_blocked, id=82231, stack(0x0000000311046000,0x0000000311146000)]
  0x00007f9524f46800 JavaThread "http-nio-8080-exec-4" daemon [_thread_blocked, id=80647, stack(0x0000000311149000,0x0000000311249000)]
  0x00007f95248f2000 JavaThread "http-nio-8080-exec-5" daemon [_thread_blocked, id=79879, stack(0x000000031124c000,0x000000031134c000)]
  0x00007f95253b5c00 JavaThread "http-nio-8080-exec-6" daemon [_thread_blocked, id=79367, stack(0x000000031134f000,0x000000031144f000)]
  0x00007f9514886400 JavaThread "http-nio-8080-exec-7" daemon [_thread_blocked, id=49419, stack(0x0000000311452000,0x0000000311552000)]
  0x00007f95253b6200 JavaThread "http-nio-8080-exec-8" daemon [_thread_blocked, id=78595, stack(0x0000000311555000,0x0000000311655000)]
  0x00007f95253b6800 JavaThread "http-nio-8080-exec-9" daemon [_thread_blocked, id=78343, stack(0x0000000311658000,0x0000000311758000)]
  0x00007f94f4a21e00 JavaThread "http-nio-8080-exec-10" daemon [_thread_blocked, id=50699, stack(0x000000031175b000,0x000000031185b000)]
  0x00007f9524f48e00 JavaThread "http-nio-8080-Poller" daemon [_thread_in_native, id=77863, stack(0x000000031185e000,0x000000031195e000)]
  0x00007f95248f2600 JavaThread "http-nio-8080-Acceptor" daemon [_thread_in_native, id=77075, stack(0x0000000311961000,0x0000000311a61000)]
  0x00007f9524817400 JavaThread "DestroyJavaVM" [_thread_blocked, id=8451, stack(0x000000030e538000,0x000000030e638000)]

Other Threads:
  0x00007f9524504730 VMThread "VM Thread" [stack: 0x000000030eb4a000,0x000000030ec4a000] [id=16131]
  0x00007f94f7c54120 WatcherThread [stack: 0x000000030fa04000,0x000000030fb04000] [id=36159]
  0x00007f952441bb20 GCTaskThread "GC Thread#0" [stack: 0x000000030e63b000,0x000000030e73b000] [id=18435]
  0x00007f94f7ca1bf0 GCTaskThread "GC Thread#1" [stack: 0x000000030fb07000,0x000000030fc07000] [id=35535]
  0x00007f94f7ca2640 GCTaskThread "GC Thread#2" [stack: 0x000000030fc0a000,0x000000030fd0a000] [id=35075]
  0x00007f9524513f60 GCTaskThread "GC Thread#3" [stack: 0x000000030fd0d000,0x000000030fe0d000] [id=34871]
  0x00007f9524514d30 GCTaskThread "GC Thread#4" [stack: 0x000000030fe10000,0x000000030ff10000] [id=30467]
  0x00007f94e45d6d20 GCTaskThread "GC Thread#5" [stack: 0x000000031031f000,0x000000031041f000] [id=86763]
  0x00007f94e45d7700 GCTaskThread "GC Thread#6" [stack: 0x0000000310422000,0x0000000310522000] [id=86275]
  0x00007f95246e3610 GCTaskThread "GC Thread#7" [stack: 0x0000000310525000,0x0000000310625000] [id=86019]
  0x00007f952441ca70 ConcurrentGCThread "G1 Main Marker" [stack: 0x000000030e73e000,0x000000030e83e000] [id=18179]
  0x00007f952471ea60 ConcurrentGCThread "G1 Conc#0" [stack: 0x000000030e841000,0x000000030e941000] [id=14339]
  0x00007f94e4795a20 ConcurrentGCThread "G1 Conc#1" [stack: 0x000000031021c000,0x000000031031c000] [id=32715]
  0x00007f952441daf0 ConcurrentGCThread "G1 Refine#0" [stack: 0x000000030e944000,0x000000030ea44000] [id=14851]
  0x00007f94e440fc80 ConcurrentGCThread "G1 Refine#1" [stack: 0x000000030ff13000,0x0000000310013000] [id=33795]
  0x00007f952473af40 ConcurrentGCThread "G1 Service" [stack: 0x000000030ea47000,0x000000030eb47000] [id=15363]

Threads with active compile tasks:

VM state: not at safepoint (normal execution)

VM Mutex/Monitor currently owned by a thread: None

Heap address: 0x0000000780000000, size: 2048 MB, Compressed Oops mode: Zero based, Oop shift amount: 3

CDS archive(s) mapped at: [0x0000000800000000-0x0000000800bbb000-0x0000000800bbb000), size 12300288, SharedBaseAddress: 0x0000000800000000, ArchiveRelocationMode: 0.
Compressed class space mapped at: 0x0000000800c00000-0x0000000840c00000, reserved size: 1073741824
Narrow klass base: 0x0000000800000000, Narrow klass shift: 3, Narrow klass range: 0x100000000

GC Precious Log:
 CPUs: 8 total, 8 available
 Memory: 8192M
 Large Page Support: Disabled
 NUMA Support: Disabled
 Compressed Oops: Enabled (Zero based)
 Heap Region Size: 1M
 Heap Min Capacity: 8M
 Heap Initial Capacity: 128M
 Heap Max Capacity: 2G
 Pre-touch: Disabled
 Parallel Workers: 8
 Concurrent Workers: 2
 Concurrent Refinement Workers: 8
 Periodic GC: Disabled

Heap:
 garbage-first heap   total 81920K, used 43331K [0x0000000780000000, 0x0000000800000000)
  region size 1024K, 21 young (21504K), 5 survivors (5120K)
 Metaspace       used 47949K, committed 48448K, reserved 1097728K
  class space    used 6793K, committed 7040K, reserved 1048576K

Heap Regions: E=young(eden), S=young(survivor), O=old, HS=humongous(starts), HC=humongous(continues), CS=collection set, F=free, OA=open archive, CA=closed archive, TAMS=top-at-mark-start (previous, next)
|   0|0x0000000780000000, 0x0000000780100000, 0x0000000780100000|100%|HS|  |TAMS 0x0000000780100000, 0x0000000780000000| Complete 
|   1|0x0000000780100000, 0x0000000780200000, 0x0000000780200000|100%| O|  |TAMS 0x0000000780200000, 0x0000000780100000| Untracked 
|   2|0x0000000780200000, 0x0000000780300000, 0x0000000780300000|100%| O|  |TAMS 0x0000000780300000, 0x0000000780200000| Untracked 
|   3|0x0000000780300000, 0x0000000780400000, 0x0000000780400000|100%| O|  |TAMS 0x0000000780400000, 0x0000000780300000| Untracked 
|   4|0x0000000780400000, 0x0000000780500000, 0x0000000780500000|100%| O|  |TAMS 0x0000000780500000, 0x0000000780400000| Untracked 
|   5|0x0000000780500000, 0x0000000780600000, 0x0000000780600000|100%| O|  |TAMS 0x0000000780600000, 0x0000000780500000| Untracked 
|   6|0x0000000780600000, 0x0000000780700000, 0x0000000780700000|100%| O|  |TAMS 0x0000000780700000, 0x0000000780600000| Untracked 
|   7|0x0000000780700000, 0x0000000780800000, 0x0000000780800000|100%| O|  |TAMS 0x0000000780800000, 0x0000000780700000| Untracked 
|   8|0x0000000780800000, 0x0000000780900000, 0x0000000780900000|100%| O|  |TAMS 0x0000000780900000, 0x0000000780800000| Untracked 
|   9|0x0000000780900000, 0x0000000780a00000, 0x0000000780a00000|100%| O|  |TAMS 0x0000000780a00000, 0x0000000780900000| Untracked 
|  10|0x0000000780a00000, 0x0000000780a73800, 0x0000000780b00000| 45%| O|  |TAMS 0x0000000780a73800, 0x0000000780a00000| Untracked 
|  11|0x0000000780b00000, 0x0000000780c00000, 0x0000000780c00000|100%| O|  |TAMS 0x0000000780b00000, 0x0000000780b00000| Untracked 
|  12|0x0000000780c00000, 0x0000000780d00000, 0x0000000780d00000|100%| O|  |TAMS 0x0000000780c00000, 0x0000000780c00000| Untracked 
|  13|0x0000000780d00000, 0x0000000780e00000, 0x0000000780e00000|100%| O|  |TAMS 0x0000000780d00000, 0x0000000780d00000| Untracked 
|  14|0x0000000780e00000, 0x0000000780f00000, 0x0000000780f00000|100%| O|  |TAMS 0x0000000780e00000, 0x0000000780e00000| Untracked 
|  15|0x0000000780f00000, 0x0000000781000000, 0x0000000781000000|100%| O|  |TAMS 0x0000000780f00000, 0x0000000780f00000| Untracked 
|  16|0x0000000781000000, 0x0000000781100000, 0x0000000781100000|100%| O|  |TAMS 0x0000000781000000, 0x0000000781000000| Untracked 
|  17|0x0000000781100000, 0x0000000781200000, 0x0000000781200000|100%| O|  |TAMS 0x0000000781100000, 0x0000000781100000| Untracked 
|  18|0x0000000781200000, 0x0000000781300000, 0x0000000781300000|100%| O|  |TAMS 0x0000000781200000, 0x0000000781200000| Untracked 
|  19|0x0000000781300000, 0x0000000781318800, 0x0000000781400000|  9%| O|  |TAMS 0x0000000781300000, 0x0000000781300000| Untracked 
|  20|0x0000000781400000, 0x0000000781400000, 0x0000000781500000|  0%| F|  |TAMS 0x0000000781400000, 0x0000000781400000| Untracked 
|  21|0x0000000781500000, 0x0000000781500000, 0x0000000781600000|  0%| F|  |TAMS 0x0000000781500000, 0x0000000781500000| Untracked 
|  22|0x0000000781600000, 0x0000000781600000, 0x0000000781700000|  0%| F|  |TAMS 0x0000000781600000, 0x0000000781600000| Untracked 
|  23|0x0000000781700000, 0x0000000781700000, 0x0000000781800000|  0%| F|  |TAMS 0x0000000781700000, 0x0000000781700000| Untracked 
|  24|0x0000000781800000, 0x0000000781800000, 0x0000000781900000|  0%| F|  |TAMS 0x0000000781800000, 0x0000000781800000| Untracked 
|  25|0x0000000781900000, 0x0000000781900000, 0x0000000781a00000|  0%| F|  |TAMS 0x0000000781900000, 0x0000000781900000| Untracked 
|  26|0x0000000781a00000, 0x0000000781a00000, 0x0000000781b00000|  0%| F|  |TAMS 0x0000000781a00000, 0x0000000781a00000| Untracked 
|  27|0x0000000781b00000, 0x0000000781b00000, 0x0000000781c00000|  0%| F|  |TAMS 0x0000000781b00000, 0x0000000781b00000| Untracked 
|  28|0x0000000781c00000, 0x0000000781cd2c30, 0x0000000781d00000| 82%| S|CS|TAMS 0x0000000781c00000, 0x0000000781c00000| Complete 
|  29|0x0000000781d00000, 0x0000000781e00000, 0x0000000781e00000|100%| S|CS|TAMS 0x0000000781d00000, 0x0000000781d00000| Complete 
|  30|0x0000000781e00000, 0x0000000781f00000, 0x0000000781f00000|100%| S|CS|TAMS 0x0000000781e00000, 0x0000000781e00000| Complete 
|  31|0x0000000781f00000, 0x0000000781f00000, 0x0000000782000000|  0%| F|  |TAMS 0x0000000781f00000, 0x0000000781f00000| Untracked 
|  32|0x0000000782000000, 0x0000000782000000, 0x0000000782100000|  0%| F|  |TAMS 0x0000000782000000, 0x0000000782000000| Untracked 
|  33|0x0000000782100000, 0x0000000782100000, 0x0000000782200000|  0%| F|  |TAMS 0x0000000782100000, 0x0000000782100000| Untracked 
|  34|0x0000000782200000, 0x0000000782200000, 0x0000000782300000|  0%| F|  |TAMS 0x0000000782200000, 0x0000000782200000| Untracked 
|  35|0x0000000782300000, 0x0000000782300000, 0x0000000782400000|  0%| F|  |TAMS 0x0000000782300000, 0x0000000782300000| Untracked 
|  36|0x0000000782400000, 0x0000000782500000, 0x0000000782500000|100%| S|CS|TAMS 0x0000000782400000, 0x0000000782400000| Complete 
|  37|0x0000000782500000, 0x0000000782600000, 0x0000000782600000|100%| S|CS|TAMS 0x0000000782500000, 0x0000000782500000| Complete 
|  38|0x0000000782600000, 0x0000000782600000, 0x0000000782700000|  0%| F|  |TAMS 0x0000000782600000, 0x0000000782600000| Untracked 
|  39|0x0000000782700000, 0x0000000782700000, 0x0000000782800000|  0%| F|  |TAMS 0x0000000782700000, 0x0000000782700000| Untracked 
|  40|0x0000000782800000, 0x0000000782800000, 0x0000000782900000|  0%| F|  |TAMS 0x0000000782800000, 0x0000000782800000| Untracked 
|  41|0x0000000782900000, 0x0000000782900000, 0x0000000782a00000|  0%| F|  |TAMS 0x0000000782900000, 0x0000000782900000| Untracked 
|  42|0x0000000782a00000, 0x0000000782a00000, 0x0000000782b00000|  0%| F|  |TAMS 0x0000000782a00000, 0x0000000782a00000| Untracked 
|  43|0x0000000782b00000, 0x0000000782b00000, 0x0000000782c00000|  0%| F|  |TAMS 0x0000000782b00000, 0x0000000782b00000| Untracked 
|  44|0x0000000782c00000, 0x0000000782c00000, 0x0000000782d00000|  0%| F|  |TAMS 0x0000000782c00000, 0x0000000782c00000| Untracked 
|  45|0x0000000782d00000, 0x0000000782d00000, 0x0000000782e00000|  0%| F|  |TAMS 0x0000000782d00000, 0x0000000782d00000| Untracked 
|  46|0x0000000782e00000, 0x0000000782e00000, 0x0000000782f00000|  0%| F|  |TAMS 0x0000000782e00000, 0x0000000782e00000| Untracked 
|  47|0x0000000782f00000, 0x0000000782f00000, 0x0000000783000000|  0%| F|  |TAMS 0x0000000782f00000, 0x0000000782f00000| Untracked 
|  48|0x0000000783000000, 0x0000000783000000, 0x0000000783100000|  0%| F|  |TAMS 0x0000000783000000, 0x0000000783000000| Untracked 
|  49|0x0000000783100000, 0x0000000783100000, 0x0000000783200000|  0%| F|  |TAMS 0x0000000783100000, 0x0000000783100000| Untracked 
|  50|0x0000000783200000, 0x0000000783200000, 0x0000000783300000|  0%| F|  |TAMS 0x0000000783200000, 0x0000000783200000| Untracked 
|  51|0x0000000783300000, 0x0000000783300000, 0x0000000783400000|  0%| F|  |TAMS 0x0000000783300000, 0x0000000783300000| Untracked 
|  52|0x0000000783400000, 0x0000000783400000, 0x0000000783500000|  0%| F|  |TAMS 0x0000000783400000, 0x0000000783400000| Untracked 
|  53|0x0000000783500000, 0x0000000783500000, 0x0000000783600000|  0%| F|  |TAMS 0x0000000783500000, 0x0000000783500000| Untracked 
|  54|0x0000000783600000, 0x0000000783600000, 0x0000000783700000|  0%| F|  |TAMS 0x0000000783600000, 0x0000000783600000| Untracked 
|  55|0x0000000783700000, 0x0000000783700000, 0x0000000783800000|  0%| F|  |TAMS 0x0000000783700000, 0x0000000783700000| Untracked 
|  56|0x0000000783800000, 0x0000000783800000, 0x0000000783900000|  0%| F|  |TAMS 0x0000000783800000, 0x0000000783800000| Untracked 
|  57|0x0000000783900000, 0x0000000783900000, 0x0000000783a00000|  0%| F|  |TAMS 0x0000000783900000, 0x0000000783900000| Untracked 
|  58|0x0000000783a00000, 0x0000000783a00000, 0x0000000783b00000|  0%| F|  |TAMS 0x0000000783a00000, 0x0000000783a00000| Untracked 
|  59|0x0000000783b00000, 0x0000000783c00000, 0x0000000783c00000|100%| E|  |TAMS 0x0000000783b00000, 0x0000000783b00000| Complete 
|  60|0x0000000783c00000, 0x0000000783d00000, 0x0000000783d00000|100%| E|CS|TAMS 0x0000000783c00000, 0x0000000783c00000| Complete 
|  61|0x0000000783d00000, 0x0000000783e00000, 0x0000000783e00000|100%| E|CS|TAMS 0x0000000783d00000, 0x0000000783d00000| Complete 
|  62|0x0000000783e00000, 0x0000000783f00000, 0x0000000783f00000|100%| E|CS|TAMS 0x0000000783e00000, 0x0000000783e00000| Complete 
|  63|0x0000000783f00000, 0x0000000784000000, 0x0000000784000000|100%| E|CS|TAMS 0x0000000783f00000, 0x0000000783f00000| Complete 
|  64|0x0000000784000000, 0x0000000784100000, 0x0000000784100000|100%| E|CS|TAMS 0x0000000784000000, 0x0000000784000000| Complete 
|  65|0x0000000784100000, 0x0000000784200000, 0x0000000784200000|100%| E|CS|TAMS 0x0000000784100000, 0x0000000784100000| Complete 
|  66|0x0000000784200000, 0x0000000784300000, 0x0000000784300000|100%| E|CS|TAMS 0x0000000784200000, 0x0000000784200000| Complete 
|  77|0x0000000784d00000, 0x0000000784e00000, 0x0000000784e00000|100%| E|CS|TAMS 0x0000000784d00000, 0x0000000784d00000| Complete 
|  78|0x0000000784e00000, 0x0000000784f00000, 0x0000000784f00000|100%| E|CS|TAMS 0x0000000784e00000, 0x0000000784e00000| Complete 
|  79|0x0000000784f00000, 0x0000000785000000, 0x0000000785000000|100%| E|CS|TAMS 0x0000000784f00000, 0x0000000784f00000| Complete 
|  80|0x0000000785000000, 0x0000000785100000, 0x0000000785100000|100%| E|CS|TAMS 0x0000000785000000, 0x0000000785000000| Complete 
|  81|0x0000000785100000, 0x0000000785200000, 0x0000000785200000|100%| E|CS|TAMS 0x0000000785100000, 0x0000000785100000| Complete 
|  82|0x0000000785200000, 0x0000000785300000, 0x0000000785300000|100%| E|CS|TAMS 0x0000000785200000, 0x0000000785200000| Complete 
|  83|0x0000000785300000, 0x0000000785400000, 0x0000000785400000|100%| E|CS|TAMS 0x0000000785300000, 0x0000000785300000| Complete 
| 127|0x0000000787f00000, 0x0000000788000000, 0x0000000788000000|100%| E|CS|TAMS 0x0000000787f00000, 0x0000000787f00000| Complete 
|1022|0x00000007bfe00000, 0x00000007bfe75000, 0x00000007bff00000| 45%|OA|  |TAMS 0x00000007bfe75000, 0x00000007bfe00000| Untracked 
|1023|0x00000007bff00000, 0x00000007bff7d000, 0x00000007c0000000| 48%|CA|  |TAMS 0x00000007bff7d000, 0x00000007bff00000| Untracked 
|2045|0x00000007ffd00000, 0x00000007ffe00000, 0x00000007ffe00000|100%| O|  |TAMS 0x00000007ffe00000, 0x00000007ffd00000| Untracked 
|2046|0x00000007ffe00000, 0x00000007fff00000, 0x00000007fff00000|100%| O|  |TAMS 0x00000007fff00000, 0x00000007ffe00000| Untracked 
|2047|0x00000007fff00000, 0x0000000800000000, 0x0000000800000000|100%| O|  |TAMS 0x0000000800000000, 0x00000007fff00000| Untracked 

Card table byte_map: [0x000000012b66f000,0x000000012ba6f000] _byte_map_base: 0x0000000127a6f000

Marking Bits (Prev, Next): (CMBitMap*) 0x00007f9524834450, (CMBitMap*) 0x00007f9524834410
 Prev Bits: [0x000000012de6f000, 0x000000012fe6f000)
 Next Bits: [0x000000012be6f000, 0x000000012de6f000)

Polling page: 0x0000000105000000

Metaspace:

Usage:
  Non-class:     40.19 MB used.
      Class:      6.63 MB used.
       Both:     46.83 MB used.

Virtual space:
  Non-class space:       48.00 MB reserved,      40.44 MB ( 84%) committed,  6 nodes.
      Class space:        1.00 GB reserved,       6.88 MB ( <1%) committed,  1 nodes.
              Both:        1.05 GB reserved,      47.31 MB (  4%) committed. 

Chunk freelists:
   Non-Class:  3.09 MB
       Class:  1.17 MB
        Both:  4.27 MB

MaxMetaspaceSize: 17179869184.00 GB
CompressedClassSpaceSize: 1.00 GB
 - commit_granule_bytes: 65536.
 - commit_granule_words: 8192.
 - virtual_space_node_default_size: 1048576.
 - enlarge_chunks_in_place: 1.
 - new_chunks_are_fully_committed: 0.
 - uncommit_free_chunks: 1.
 - use_allocation_guard: 0.
 - handle_deallocations: 1.


Internal statistics:

num_allocs_failed_limit: 9.
num_arena_births: 512.
num_arena_deaths: 0.
num_vsnodes_births: 7.
num_vsnodes_deaths: 0.
num_space_committed: 757.
num_space_uncommitted: 0.
num_chunks_returned_to_freelist: 9.
num_chunks_taken_from_freelist: 2311.
num_chunk_merges: 6.
num_chunk_splits: 1605.
num_chunks_enlarged: 1225.
num_purges: 0.

CodeHeap 'non-profiled nmethods': size=238384Kb used=11470Kb max_used=11470Kb free=226913Kb
 bounds [0x000000011c7d1000, 0x000000011d311000, 0x000000012b09d000]
CodeHeap 'non-nmethods': size=7376Kb used=1280Kb max_used=1280Kb free=6095Kb
 bounds [0x000000011c09d000, 0x000000011c30d000, 0x000000011c7d1000]
 total_blobs=6441 nmethods=5835 adapters=535
 compilation: enabled
              stopped_count=0, restarted_count=0
 full_count=0

Compilation events (20 events):
Event: 9.354 Thread 0x00007f9525091a00 5824       1       java.io.File::lastModified (33 bytes)
Event: 9.354 Thread 0x00007f9525091a00 nmethod 5824 0x000000011d300010 code [0x000000011d3001e0, 0x000000011d300380]
Event: 9.764 Thread 0x00007f9525091a00 5826       1       java.io.File::equals (30 bytes)
Event: 9.765 Thread 0x00007f9525091a00 nmethod 5826 0x000000011d300510 code [0x000000011d3006c0, 0x000000011d300880]
Event: 9.765 Thread 0x00007f9525091a00 5827       1       java.io.File::compareTo (9 bytes)
Event: 9.766 Thread 0x00007f9525091a00 nmethod 5827 0x000000011d300a90 code [0x000000011d300c40, 0x000000011d300d20]
Event: 9.766 Thread 0x00007f9525091a00 5828       1       java.io.UnixFileSystem::compare (12 bytes)
Event: 9.766 Thread 0x00007f9525091a00 nmethod 5828 0x000000011d300e90 code [0x000000011d301040, 0x000000011d301140]
Event: 9.766 Thread 0x00007f9525091a00 5829       1       org.springframework.boot.devtools.filewatch.FileSnapshot::equals (110 bytes)
Event: 9.768 Thread 0x00007f9525091a00 nmethod 5829 0x000000011d301290 code [0x000000011d301460, 0x000000011d301800]
Event: 12.771 Thread 0x00007f9525091a00 5830       1       java.lang.Thread::interrupted (23 bytes)
Event: 12.780 Thread 0x00007f9525091a00 nmethod 5830 0x000000011d301d10 code [0x000000011d301ea0, 0x000000011d301f80]
Event: 15.106 Thread 0x00007f9525091a00 5831       1       java.util.concurrent.locks.AbstractQueuedSynchronizer::release (19 bytes)
Event: 15.111 Thread 0x00007f9525091a00 nmethod 5831 0x000000011d302090 code [0x000000011d302240, 0x000000011d302430]
Event: 20.520 Thread 0x00007f9525091a00 5832       1       java.io.File::listFiles (52 bytes)
Event: 20.523 Thread 0x00007f9525091a00 nmethod 5832 0x000000011d302b90 code [0x000000011d302d60, 0x000000011d303110]
Event: 20.523 Thread 0x00007f9525091a00 5833       1       java.io.File::normalizedList (86 bytes)
Event: 20.529 Thread 0x00007f9525091a00 nmethod 5833 0x000000011d303410 code [0x000000011d303600, 0x000000011d303a10]
Event: 21.546 Thread 0x00007f9525091a00 5835       1       org.springframework.boot.devtools.filewatch.DirectorySnapshot::collectFiles (99 bytes)
Event: 21.549 Thread 0x00007f9525091a00 nmethod 5835 0x000000011d303d90 code [0x000000011d303fe0, 0x000000011d304410]

GC Heap History (20 events):
Event: 2.867 GC heap before
{Heap before GC invocations=1 (full 0):
 garbage-first heap   total 133120K, used 37811K [0x0000000780000000, 0x0000000800000000)
  region size 1024K, 33 young (33792K), 3 survivors (3072K)
 Metaspace       used 6528K, committed 6720K, reserved 1056768K
  class space    used 772K, committed 896K, reserved 1048576K
}
Event: 2.875 GC heap after
{Heap after GC invocations=2 (full 0):
 garbage-first heap   total 133120K, used 8199K [0x0000000780000000, 0x0000000800000000)
  region size 1024K, 1 young (1024K), 1 survivors (1024K)
 Metaspace       used 6528K, committed 6720K, reserved 1056768K
  class space    used 772K, committed 896K, reserved 1048576K
}
Event: 3.596 GC heap before
{Heap before GC invocations=2 (full 0):
 garbage-first heap   total 133120K, used 83975K [0x0000000780000000, 0x0000000800000000)
  region size 1024K, 76 young (77824K), 1 survivors (1024K)
 Metaspace       used 14782K, committed 15040K, reserved 1064960K
  class space    used 1948K, committed 2048K, reserved 1048576K
}
Event: 3.600 GC heap after
{Heap after GC invocations=3 (full 0):
 garbage-first heap   total 133120K, used 11125K [0x0000000780000000, 0x0000000800000000)
  region size 1024K, 3 young (3072K), 3 survivors (3072K)
 Metaspace       used 14782K, committed 15040K, reserved 1064960K
  class space    used 1948K, committed 2048K, reserved 1048576K
}
Event: 4.640 GC heap before
{Heap before GC invocations=3 (full 0):
 garbage-first heap   total 133120K, used 74613K [0x0000000780000000, 0x0000000800000000)
  region size 1024K, 67 young (68608K), 3 survivors (3072K)
 Metaspace       used 20919K, committed 21248K, reserved 1073152K
  class space    used 2887K, committed 3008K, reserved 1048576K
}
Event: 4.646 GC heap after
{Heap after GC invocations=4 (full 0):
 garbage-first heap   total 133120K, used 14879K [0x0000000780000000, 0x0000000800000000)
  region size 1024K, 7 young (7168K), 7 survivors (7168K)
 Metaspace       used 20919K, committed 21248K, reserved 1073152K
  class space    used 2887K, committed 3008K, reserved 1048576K
}
Event: 4.931 GC heap before
{Heap before GC invocations=5 (full 0):
 garbage-first heap   total 58368K, used 55839K [0x0000000780000000, 0x0000000800000000)
  region size 1024K, 48 young (49152K), 7 survivors (7168K)
 Metaspace       used 23008K, committed 23296K, reserved 1073152K
  class space    used 3167K, committed 3264K, reserved 1048576K
}
Event: 4.939 GC heap after
{Heap after GC invocations=6 (full 0):
 garbage-first heap   total 67584K, used 16522K [0x0000000780000000, 0x0000000800000000)
  region size 1024K, 6 young (6144K), 6 survivors (6144K)
 Metaspace       used 23008K, committed 23296K, reserved 1073152K
  class space    used 3167K, committed 3264K, reserved 1048576K
}
Event: 5.008 GC heap before
{Heap before GC invocations=6 (full 0):
 garbage-first heap   total 67584K, used 48266K [0x0000000780000000, 0x0000000800000000)
  region size 1024K, 38 young (38912K), 6 survivors (6144K)
 Metaspace       used 23486K, committed 23744K, reserved 1073152K
  class space    used 3204K, committed 3328K, reserved 1048576K
}
Event: 5.011 GC heap after
{Heap after GC invocations=7 (full 0):
 garbage-first heap   total 67584K, used 16997K [0x0000000780000000, 0x0000000800000000)
  region size 1024K, 3 young (3072K), 3 survivors (3072K)
 Metaspace       used 23486K, committed 23744K, reserved 1073152K
  class space    used 3204K, committed 3328K, reserved 1048576K
}
Event: 5.267 GC heap before
{Heap before GC invocations=7 (full 0):
 garbage-first heap   total 67584K, used 48741K [0x0000000780000000, 0x0000000800000000)
  region size 1024K, 35 young (35840K), 3 survivors (3072K)
 Metaspace       used 25027K, committed 25472K, reserved 1073152K
  class space    used 3443K, committed 3648K, reserved 1048576K
}
Event: 5.271 GC heap after
{Heap after GC invocations=8 (full 0):
 garbage-first heap   total 135168K, used 17241K [0x0000000780000000, 0x0000000800000000)
  region size 1024K, 3 young (3072K), 3 survivors (3072K)
 Metaspace       used 25027K, committed 25472K, reserved 1073152K
  class space    used 3443K, committed 3648K, reserved 1048576K
}
Event: 5.896 GC heap before
{Heap before GC invocations=8 (full 0):
 garbage-first heap   total 135168K, used 60249K [0x0000000780000000, 0x0000000800000000)
  region size 1024K, 46 young (47104K), 3 survivors (3072K)
 Metaspace       used 35642K, committed 35968K, reserved 1081344K
  class space    used 4877K, committed 5056K, reserved 1048576K
}
Event: 5.901 GC heap after
{Heap after GC invocations=9 (full 0):
 garbage-first heap   total 135168K, used 21291K [0x0000000780000000, 0x0000000800000000)
  region size 1024K, 7 young (7168K), 7 survivors (7168K)
 Metaspace       used 35642K, committed 35968K, reserved 1081344K
  class space    used 4877K, committed 5056K, reserved 1048576K
}
Event: 6.750 GC heap before
{Heap before GC invocations=10 (full 0):
 garbage-first heap   total 81920K, used 63275K [0x0000000780000000, 0x0000000800000000)
  region size 1024K, 48 young (49152K), 7 survivors (7168K)
 Metaspace       used 41989K, committed 42432K, reserved 1089536K
  class space    used 5863K, committed 6080K, reserved 1048576K
}
Event: 6.756 GC heap after
{Heap after GC invocations=11 (full 0):
 garbage-first heap   total 81920K, used 23426K [0x0000000780000000, 0x0000000800000000)
  region size 1024K, 3 young (3072K), 3 survivors (3072K)
 Metaspace       used 41989K, committed 42432K, reserved 1089536K
  class space    used 5863K, committed 6080K, reserved 1048576K
}
Event: 7.213 GC heap before
{Heap before GC invocations=12 (full 0):
 garbage-first heap   total 81920K, used 63362K [0x0000000780000000, 0x0000000800000000)
  region size 1024K, 42 young (43008K), 3 survivors (3072K)
 Metaspace       used 43672K, committed 44032K, reserved 1089536K
  class space    used 6166K, committed 6336K, reserved 1048576K
}
Event: 7.215 GC heap after
{Heap after GC invocations=13 (full 0):
 garbage-first heap   total 81920K, used 25125K [0x0000000780000000, 0x0000000800000000)
  region size 1024K, 5 young (5120K), 5 survivors (5120K)
 Metaspace       used 43672K, committed 44032K, reserved 1089536K
  class space    used 6166K, committed 6336K, reserved 1048576K
}
Event: 7.612 GC heap before
{Heap before GC invocations=13 (full 0):
 garbage-first heap   total 81920K, used 63013K [0x0000000780000000, 0x0000000800000000)
  region size 1024K, 42 young (43008K), 5 survivors (5120K)
 Metaspace       used 46361K, committed 46720K, reserved 1089536K
  class space    used 6546K, committed 6720K, reserved 1048576K
}
Event: 7.616 GC heap after
{Heap after GC invocations=14 (full 0):
 garbage-first heap   total 81920K, used 27971K [0x0000000780000000, 0x0000000800000000)
  region size 1024K, 5 young (5120K), 5 survivors (5120K)
 Metaspace       used 46361K, committed 46720K, reserved 1089536K
  class space    used 6546K, committed 6720K, reserved 1048576K
}

Deoptimization events (12 events):
Event: 4.203 Thread 0x00007f95251c7200 DEOPT PACKING pc=0x000000011cbae0b4 sp=0x0000000310216e90
Event: 4.203 Thread 0x00007f95251c7200 DEOPT UNPACKING pc=0x000000011c0eab9b sp=0x0000000310216408 mode 0
Event: 5.106 Thread 0x00007f95251c7200 DEOPT PACKING pc=0x000000011cb4d781 sp=0x0000000310217990
Event: 5.106 Thread 0x00007f95251c7200 DEOPT UNPACKING pc=0x000000011c0eab9b sp=0x0000000310216e40 mode 3
Event: 5.106 Thread 0x00007f94e4873a00 DEOPT PACKING pc=0x000000011cac9d96 sp=0x000000031082a6b0
Event: 5.106 Thread 0x00007f94e4873a00 DEOPT UNPACKING pc=0x000000011c0eab9b sp=0x0000000310829b28 mode 3
Event: 7.444 Thread 0x00007f95251c7200 DEOPT PACKING pc=0x000000011cb9e1b8 sp=0x0000000310216fd0
Event: 7.444 Thread 0x00007f95251c7200 DEOPT UNPACKING pc=0x000000011c0eab9b sp=0x0000000310216508 mode 3
Event: 7.444 Thread 0x00007f95251c7200 DEOPT PACKING pc=0x000000011cb52592 sp=0x0000000310216fa0
Event: 7.444 Thread 0x00007f95251c7200 DEOPT UNPACKING pc=0x000000011c0eab9b sp=0x0000000310216508 mode 3
Event: 7.611 Thread 0x00007f95251c7200 DEOPT PACKING pc=0x000000011d296eec sp=0x00000003102170f0
Event: 7.611 Thread 0x00007f95251c7200 DEOPT UNPACKING pc=0x000000011c0eab9b sp=0x00000003102166a0 mode 0

Classes unloaded (0 events):
No events

Classes redefined (0 events):
No events

Internal exceptions (20 events):
Event: 7.138 Thread 0x00007f95251c7200 Exception <a 'java/lang/reflect/InvocationTargetException'{0x0000000782ecbc08}> (0x0000000782ecbc08) 
thrown [./open/src/hotspot/share/runtime/reflection.cpp, line 1157]
Event: 7.203 Thread 0x00007f95251c7200 Exception <a 'java/lang/reflect/InvocationTargetException'{0x00000007824110f8}> (0x00000007824110f8) 
thrown [./open/src/hotspot/share/runtime/reflection.cpp, line 1157]
Event: 7.229 Thread 0x00007f95251c7200 Exception <a 'java/lang/reflect/InvocationTargetException'{0x00000007851b2070}> (0x00000007851b2070) 
thrown [./open/src/hotspot/share/runtime/reflection.cpp, line 1157]
Event: 7.269 Thread 0x00007f95251c7200 Exception <a 'java/lang/reflect/InvocationTargetException'{0x0000000783e14260}> (0x0000000783e14260) 
thrown [./open/src/hotspot/share/runtime/reflection.cpp, line 1157]
Event: 7.384 Thread 0x00007f95251c7200 Exception <a 'java/lang/NoSuchMethodError'{0x0000000783781790}: 'void java.lang.invoke.DirectMethodHandle$Holder.invokeVirtual(java.lang.Object, java.lang.Object, int)'> (0x0000000783781790) 
thrown [./open/src/hotspot/share/interpreter/linkResolver.cpp, line 790]
Event: 7.386 Thread 0x00007f95251c7200 Exception <a 'java/lang/NoSuchMethodError'{0x000000078379caf8}: 'void java.lang.invoke.DirectMethodHandle$Holder.invokeVirtual(java.lang.Object, java.lang.Object, long)'> (0x000000078379caf8) 
thrown [./open/src/hotspot/share/interpreter/linkResolver.cpp, line 790]
Event: 7.453 Thread 0x00007f95251c7200 Exception <a 'java/lang/IncompatibleClassChangeError'{0x00000007832e6200}: Found class java.lang.Object, but interface was expected> (0x00000007832e6200) 
thrown [./open/src/hotspot/share/interpreter/linkResolver.cpp, line 857]
Event: 7.472 Thread 0x00007f95251c7200 Exception <a 'java/lang/NoSuchMethodError'{0x00000007830335a8}: 'int java.lang.invoke.DirectMethodHandle$Holder.invokeStaticInit(java.lang.Object, java.lang.Object, java.lang.Object, java.lang.Object)'> (0x00000007830335a8) 
thrown [./open/src/hotspot/share/interpreter/linkResolver.cpp, line 790]
Event: 7.603 Thread 0x00007f95251c7200 Exception <a 'java/lang/ClassNotFoundException'{0x000000078266e600}: java/lang/ObjectCustomizer> (0x000000078266e600) 
thrown [./open/src/hotspot/share/classfile/systemDictionary.cpp, line 256]
Event: 7.604 Thread 0x00007f95251c7200 Exception <a 'java/lang/ClassNotFoundException'{0x0000000782676ec0}: org/springframework/security/config/annotation/web/configuration/WebSecurityConfigurationCustomizer> (0x0000000782676ec0) 
thrown [./open/src/hotspot/share/classfile/systemDictionary.cpp, line 256]
Event: 7.605 Thread 0x00007f95251c7200 Exception <a 'java/lang/ClassNotFoundException'{0x0000000782686810}: org/springframework/context/annotation/ImportAwareCustomizer> (0x0000000782686810) 
thrown [./open/src/hotspot/share/classfile/systemDictionary.cpp, line 256]
Event: 7.605 Thread 0x00007f95251c7200 Exception <a 'java/lang/ClassNotFoundException'{0x000000078268bc28}: org/springframework/beans/factory/AwareCustomizer> (0x000000078268bc28) 
thrown [./open/src/hotspot/share/classfile/systemDictionary.cpp, line 256]
Event: 7.606 Thread 0x00007f95251c7200 Exception <a 'java/lang/ClassNotFoundException'{0x00000007826907c0}: org/springframework/beans/factory/BeanClassLoaderAwareCustomizer> (0x00000007826907c0) 
thrown [./open/src/hotspot/share/classfile/systemDictionary.cpp, line 256]
Event: 7.606 Thread 0x00007f95251c7200 Exception <a 'java/lang/ClassNotFoundException'{0x0000000782695be8}: org/springframework/beans/factory/AwareCustomizer> (0x0000000782695be8) 
thrown [./open/src/hotspot/share/classfile/systemDictionary.cpp, line 256]
Event: 7.699 Thread 0x00007f95251c7200 Exception <a 'java/lang/ClassNotFoundException'{0x0000000784e62db8}: java/lang/ObjectCustomizer> (0x0000000784e62db8) 
thrown [./open/src/hotspot/share/classfile/systemDictionary.cpp, line 256]
Event: 7.700 Thread 0x00007f95251c7200 Exception <a 'java/lang/ClassNotFoundException'{0x0000000784e6b6c0}: org/springframework/security/config/annotation/web/configuration/HttpSecurityConfigurationCustomizer> (0x0000000784e6b6c0) 
thrown [./open/src/hotspot/share/classfile/systemDictionary.cpp, line 256]
Event: 7.750 Thread 0x00007f95251c7200 Exception <a 'java/lang/NoSuchMethodError'{0x000000078412b0c0}: 'java.lang.Object java.lang.invoke.DirectMethodHandle$Holder.invokeSpecial(java.lang.Object, java.lang.Object, int, java.lang.Object, int, java.lang.Object)'> (0x000000078412b0c0) 
thrown [./open/src/hotspot/share/interpreter/linkResolver.cpp, line 790]
Event: 7.750 Thread 0x00007f95251c7200 Exception <a 'java/lang/NoSuchMethodError'{0x0000000784133728}: 'java.lang.Object java.lang.invoke.DirectMethodHandle$Holder.newInvokeSpecial(java.lang.Object, java.lang.Object, int, java.lang.Object, int)'> (0x0000000784133728) 
thrown [./open/src/hotspot/share/interpreter/linkResolver.cpp, line 790]
Event: 7.751 Thread 0x00007f95251c7200 Exception <a 'java/lang/NoSuchMethodError'{0x0000000784137938}: 'java.lang.Object java.lang.invoke.DirectMethodHandle$Holder.invokeSpecial(java.lang.Object, java.lang.Object, java.lang.Object, int, java.lang.Object, int)'> (0x0000000784137938) 
thrown [./open/src/hotspot/share/interpreter/linkResolver.cpp, line 790]
Event: 7.751 Thread 0x00007f95251c7200 Exception <a 'java/lang/NoSuchMethodError'{0x0000000784141e10}: 'void java.lang.invoke.DirectMethodHandle$Holder.invokeVirtual(java.lang.Object, java.lang.Object)'> (0x0000000784141e10) 
thrown [./open/src/hotspot/share/interpreter/linkResolver.cpp, line 790]

Events (20 events):
Event: 7.784 loading class java/beans/WeakIdentityMap$Entry
Event: 7.784 loading class java/beans/WeakIdentityMap$Entry done
Event: 7.785 loading class java/util/stream/LongStream
Event: 7.785 loading class java/util/stream/LongStream done
Event: 7.785 loading class java/util/stream/DoubleStream
Event: 7.786 loading class java/util/stream/DoubleStream done
Event: 7.786 Protecting memory [0x0000000310016000,0x000000031001a000] with protection modes 3
Event: 7.786 Thread 0x00007f9525213e00 Thread exited: 0x00007f9525213e00
Event: 7.786 Protecting memory [0x000000030e538000,0x000000030e53c000] with protection modes 3
Event: 7.786 Thread 0x00007f9524817400 Thread exited: 0x00007f9524817400
Event: 7.786 Protecting memory [0x000000030e538000,0x000000030e53c000] with protection modes 0
Event: 7.786 Thread 0x00007f9524817400 Thread added: 0x00007f9524817400
Event: 8.621 Executing  VM operation: Cleanup
Event: 8.624 Executing  VM operation: Cleanup done
Event: 10.780 Protecting memory [0x0000000310b37000,0x0000000310b3b000] with protection modes 3
Event: 10.781 Thread 0x00007f94e499c800 Thread exited: 0x00007f94e499c800
Event: 12.636 Executing  VM operation: Cleanup
Event: 12.637 Executing  VM operation: Cleanup done
Event: 15.646 Executing  VM operation: Cleanup
Event: 15.646 Executing  VM operation: Cleanup done


Dynamic libraries:
0x00007ffdfff1c000 	/usr/libexec/rosetta/runtime
0x000000010d006000 	/Library/Apple/usr/libexec/oah/libRosettaRuntime
0x00007fff2a6fb000 	/usr/lib/libz.1.dylib
0x000000010d501000 	/Library/Java/JavaVirtualMachines/jdk-16.0.2.jdk/Contents/Home/lib/libjli.dylib
0x00007fff3528d000 	/System/Library/Frameworks/Cocoa.framework/Versions/A/Cocoa
0x00007fff2222f000 	/System/Library/Frameworks/Security.framework/Versions/A/Security
0x00007fff33495000 	/System/Library/Frameworks/ApplicationServices.framework/Versions/A/ApplicationServices
0x00007fff2a7c7000 	/usr/lib/libSystem.B.dylib
0x00007fff2a7c1000 	/usr/lib/system/libcache.dylib
0x00007fff2a77d000 	/usr/lib/system/libcommonCrypto.dylib
0x00007fff2a7a7000 	/usr/lib/system/libcompiler_rt.dylib
0x00007fff2a79c000 	/usr/lib/system/libcopyfile.dylib
0x00007fff201fe000 	/usr/lib/system/libcorecrypto.dylib
0x00007fff202c9000 	/usr/lib/system/libdispatch.dylib
0x00007fff2047c000 	/usr/lib/system/libdyld.dylib
0x00007fff2a7b8000 	/usr/lib/system/libkeymgr.dylib
0x00007fff2dd25000 	/usr/lib/system/liblaunch.dylib
0x00007fff2a75b000 	/usr/lib/system/libmacho.dylib
0x00007fff29f4f000 	/usr/lib/system/libquarantine.dylib
0x00007fff2a7b5000 	/usr/lib/system/libremovefile.dylib
0x00007fff24c0b000 	/usr/lib/system/libsystem_asl.dylib
0x00007fff201ae000 	/usr/lib/system/libsystem_blocks.dylib
0x00007fff2034b000 	/usr/lib/system/libsystem_c.dylib
0x00007fff2a7af000 	/usr/lib/system/libsystem_collections.dylib
0x00007fff29347000 	/usr/lib/system/libsystem_configuration.dylib
0x00007fff2862f000 	/usr/lib/system/libsystem_containermanager.dylib
0x00007fff2a4fa000 	/usr/lib/system/libsystem_coreservices.dylib
0x00007fff227e7000 	/usr/lib/system/libsystem_darwin.dylib
0x00007fff2a7b9000 	/usr/lib/system/libsystem_dnssd.dylib
0x00007fff20348000 	/usr/lib/system/libsystem_featureflags.dylib
0x00007fff204c2000 	/usr/lib/system/libsystem_info.dylib
0x00007fff2a70e000 	/usr/lib/system/libsystem_m.dylib
0x00007fff2029c000 	/usr/lib/system/libsystem_malloc.dylib
0x00007fff24b9e000 	/usr/lib/system/libsystem_networkextension.dylib
0x00007fff22c06000 	/usr/lib/system/libsystem_notify.dylib
0x00007fff301bc000 	/usr/lib/system/libsystem_product_info_filter.dylib
0x00007fff2934b000 	/usr/lib/system/libsystem_sandbox.dylib
0x00007fff2a7b2000 	/usr/lib/system/libsystem_secinit.dylib
0x00007fff20440000 	/usr/lib/system/libsystem_kernel.dylib
0x00007fff204b8000 	/usr/lib/system/libsystem_platform.dylib
0x00007fff20470000 	/usr/lib/system/libsystem_pthread.dylib
0x00007fff2631c000 	/usr/lib/system/libsystem_symptoms.dylib
0x00007fff201e6000 	/usr/lib/system/libsystem_trace.dylib
0x00007fff2a789000 	/usr/lib/system/libunwind.dylib
0x00007fff201b0000 	/usr/lib/system/libxpc.dylib
0x00007fff2042a000 	/usr/lib/libc++abi.dylib
0x00007fff2030e000 	/usr/lib/libobjc.A.dylib
0x00007fff2a794000 	/usr/lib/liboah.dylib
0x00007fff203d4000 	/usr/lib/libc++.1.dylib
0x00007fff204ee000 	/System/Library/Frameworks/CoreFoundation.framework/Versions/A/CoreFoundation
0x00007fff211c7000 	/System/Library/Frameworks/Foundation.framework/Versions/C/Foundation
0x00007fff22c60000 	/System/Library/Frameworks/AppKit.framework/Versions/C/AppKit
0x00007fff25b4c000 	/System/Library/Frameworks/CoreData.framework/Versions/A/CoreData
0x00007fff239ac000 	/System/Library/PrivateFrameworks/UIFoundation.framework/Versions/A/UIFoundation
0x00007fff2ff4f000 	/System/Library/PrivateFrameworks/RemoteViewServices.framework/Versions/A/RemoteViewServices
0x00007fff28cf5000 	/System/Library/PrivateFrameworks/XCTTargetBootstrap.framework/Versions/A/XCTTargetBootstrap
0x00007fff2ba47000 	/usr/lib/libspindump.dylib
0x00007fff23bfb000 	/System/Library/Frameworks/UniformTypeIdentifiers.framework/Versions/A/UniformTypeIdentifiers
0x00007fff274f9000 	/usr/lib/libapp_launch_measurement.dylib
0x00007fff274fc000 	/System/Library/PrivateFrameworks/CoreAutoLayout.framework/Versions/A/CoreAutoLayout
0x00007fff2865c000 	/System/Library/Frameworks/Metal.framework/Versions/A/Metal
0x00007fff29356000 	/usr/lib/liblangid.dylib
0x00007fff28cf9000 	/System/Library/PrivateFrameworks/CoreSVG.framework/Versions/A/CoreSVG
0x00007fff24c3b000 	/System/Library/PrivateFrameworks/SkyLight.framework/Versions/A/SkyLight
0x00007fff24fa1000 	/System/Library/Frameworks/CoreGraphics.framework/Versions/A/CoreGraphics
0x00007fff30476000 	/System/Library/Frameworks/Accelerate.framework/Versions/A/Accelerate
0x00007fff2b485000 	/System/Library/PrivateFrameworks/IconServices.framework/Versions/A/IconServices
0x00007fff28640000 	/System/Library/Frameworks/IOSurface.framework/Versions/A/IOSurface
0x00007fff264e0000 	/usr/lib/libDiagnosticMessagesClient.dylib
0x00007fff28ce1000 	/System/Library/PrivateFrameworks/DFRFoundation.framework/Versions/A/DFRFoundation
0x00007fff22587000 	/usr/lib/libicucore.A.dylib
0x00007fff2cf8e000 	/System/Library/Frameworks/AudioToolbox.framework/Versions/A/AudioToolbox
0x00007fff2c216000 	/System/Library/PrivateFrameworks/DataDetectorsCore.framework/Versions/A/DataDetectorsCore
0x00007fff24bae000 	/usr/lib/libMobileGestalt.dylib
0x00007fff289e5000 	/System/Library/Frameworks/Carbon.framework/Versions/A/Frameworks/HIToolbox.framework/Versions/A/HIToolbox
0x00007fff26f3e000 	/System/Library/Frameworks/QuartzCore.framework/Versions/A/QuartzCore
0x00007fff2ff87000 	/System/Library/Frameworks/Carbon.framework/Versions/A/Frameworks/SpeechRecognition.framework/Versions/A/SpeechRecognition
0x00007fff2725e000 	/System/Library/PrivateFrameworks/CoreUI.framework/Versions/A/CoreUI
0x00007fff21b9d000 	/System/Library/Frameworks/CoreAudio.framework/Versions/A/CoreAudio
0x00007fff265cb000 	/System/Library/Frameworks/DiskArbitration.framework/Versions/A/DiskArbitration
0x00007fff2be14000 	/System/Library/PrivateFrameworks/MultitouchSupport.framework/Versions/A/MultitouchSupport
0x00007fff2c20d000 	/System/Library/PrivateFrameworks/InternationalSupport.framework/Versions/A/InternationalSupport
0x00007fff24bad000 	/usr/lib/libenergytrace.dylib
0x00007fff22b57000 	/System/Library/Frameworks/IOKit.framework/Versions/A/IOKit
0x00007fff302ba000 	/System/Library/Frameworks/CoreServices.framework/Versions/A/CoreServices
0x00007fff2748b000 	/System/Library/PrivateFrameworks/PerformanceAnalysis.framework/Versions/A/PerformanceAnalysis
0x00007fff6be33000 	/System/Library/Frameworks/OpenGL.framework/Versions/A/OpenGL
0x00007fff2c291000 	/System/Library/PrivateFrameworks/UserActivity.framework/Versions/A/UserActivity
0x00007fff25653000 	/System/Library/Frameworks/ColorSync.framework/Versions/A/ColorSync
0x00007fff28f64000 	/System/Library/Frameworks/CoreImage.framework/Versions/A/CoreImage
0x00007fff219b7000 	/System/Library/Frameworks/CoreText.framework/Versions/A/CoreText
0x00007fff28d23000 	/System/Library/Frameworks/ImageIO.framework/Versions/A/ImageIO
0x00007fff2a7cd000 	/System/Library/PrivateFrameworks/SoftLinking.framework/Versions/A/SoftLinking
0x00007fff27544000 	/usr/lib/libxml2.2.dylib
0x00007fff2aa3a000 	/usr/lib/libcompression.dylib
0x00007fff2c13f000 	/System/Library/PrivateFrameworks/TextureIO.framework/Versions/A/TextureIO
0x00007fff2b12a000 	/usr/lib/libate.dylib
0x00007fff2ae56000 	/usr/lib/liblzma.5.dylib
0x00007fff20edb000 	/System/Library/Frameworks/SystemConfiguration.framework/Versions/A/SystemConfiguration
0x00007fff2a7c9000 	/usr/lib/libfakelink.dylib
0x00007fff246ff000 	/System/Library/Frameworks/CFNetwork.framework/Versions/A/CFNetwork
0x00007fff2a909000 	/usr/lib/libarchive.2.dylib
0x00007fff20f59000 	/usr/lib/libCRFSuite.dylib
0x00007fff29f76000 	/usr/lib/libbsm.0.dylib
0x00007fff24078000 	/usr/lib/libnetwork.dylib
0x00007fff2a7ce000 	/usr/lib/libpcap.A.dylib
0x00007fff26315000 	/usr/lib/libdns_services.dylib
0x00007fff2ae6f000 	/usr/lib/libcoretls_cfhelpers.dylib
0x00007fff2aa08000 	/usr/lib/libapple_nghttp2.dylib
0x00007fff2a761000 	/usr/lib/system/libkxld.dylib
0x00007fff25f93000 	/usr/lib/libsqlite3.dylib
0x00007fff2a4dd000 	/System/Library/PrivateFrameworks/AppleFSCompression.framework/Versions/A/AppleFSCompression
0x00007fff29f5e000 	/usr/lib/libcoretls.dylib
0x00007fff2aa35000 	/usr/lib/libpam.2.dylib
0x00007fff2af6d000 	/usr/lib/libxar.1.dylib
0x00007fff29352000 	/System/Library/PrivateFrameworks/AppleSystemInfo.framework/Versions/A/AppleSystemInfo
0x00007fff29ba0000 	/System/Library/PrivateFrameworks/IOMobileFramebuffer.framework/Versions/A/IOMobileFramebuffer
0x00007fff2a4ed000 	/usr/lib/libbz2.1.0.dylib
0x00007fff2a806000 	/usr/lib/libiconv.2.dylib
0x00007fff2a75a000 	/usr/lib/libcharset.1.dylib
0x00007fff274c7000 	/System/Library/Frameworks/CoreServices.framework/Versions/A/Frameworks/FSEvents.framework/Versions/A/FSEvents
0x00007fff227f1000 	/System/Library/Frameworks/CoreServices.framework/Versions/A/Frameworks/CarbonCore.framework/Versions/A/CarbonCore
0x00007fff26530000 	/System/Library/Frameworks/CoreServices.framework/Versions/A/Frameworks/Metadata.framework/Versions/A/Metadata
0x00007fff2a4ff000 	/System/Library/Frameworks/CoreServices.framework/Versions/A/Frameworks/OSServices.framework/Versions/A/OSServices
0x00007fff2a97b000 	/System/Library/Frameworks/CoreServices.framework/Versions/A/Frameworks/SearchKit.framework/Versions/A/SearchKit
0x00007fff262a0000 	/System/Library/Frameworks/CoreServices.framework/Versions/A/Frameworks/AE.framework/Versions/A/AE
0x00007fff2098c000 	/System/Library/Frameworks/CoreServices.framework/Versions/A/Frameworks/LaunchServices.framework/Versions/A/LaunchServices
0x00007fff2ae06000 	/System/Library/Frameworks/CoreServices.framework/Versions/A/Frameworks/DictionaryServices.framework/Versions/A/DictionaryServices
0x00007fff274d4000 	/System/Library/Frameworks/CoreServices.framework/Versions/A/Frameworks/SharedFileList.framework/Versions/A/SharedFileList
0x00007fff29f52000 	/usr/lib/libCheckFix.dylib
0x00007fff24c22000 	/System/Library/PrivateFrameworks/TCC.framework/Versions/A/TCC
0x00007fff29358000 	/System/Library/PrivateFrameworks/CoreNLP.framework/Versions/A/CoreNLP
0x00007fff264e3000 	/System/Library/PrivateFrameworks/MetadataUtilities.framework/Versions/A/MetadataUtilities
0x00007fff20f8e000 	/usr/lib/libmecabra.dylib
0x00007fff2a25c000 	/System/Library/Frameworks/MLCompute.framework/Versions/A/MLCompute
0x00007fff29f87000 	/usr/lib/libmecab.dylib
0x00007fff29fd1000 	/usr/lib/libgermantok.dylib
0x00007fff2a9e3000 	/usr/lib/libThaiTokenizer.dylib
0x00007fff2afa8000 	/usr/lib/libChineseTokenizer.dylib
0x00007fff2aa33000 	/System/Library/Frameworks/MetalPerformanceShaders.framework/Versions/A/MetalPerformanceShaders
0x00007fff265d2000 	/System/Library/Frameworks/Accelerate.framework/Versions/A/Frameworks/vImage.framework/Versions/A/vImage
0x00007fff30294000 	/System/Library/Frameworks/Accelerate.framework/Versions/A/Frameworks/vecLib.framework/Versions/A/vecLib
0x00007fff2afb3000 	/System/Library/Frameworks/Accelerate.framework/Versions/A/Frameworks/vecLib.framework/Versions/A/libvMisc.dylib
0x00007fff29a00000 	/System/Library/Frameworks/Accelerate.framework/Versions/A/Frameworks/vecLib.framework/Versions/A/libvDSP.dylib
0x00007fff20c97000 	/System/Library/Frameworks/Accelerate.framework/Versions/A/Frameworks/vecLib.framework/Versions/A/libBLAS.dylib
0x00007fff2aa61000 	/System/Library/Frameworks/Accelerate.framework/Versions/A/Frameworks/vecLib.framework/Versions/A/libLAPACK.dylib
0x00007fff29fd7000 	/System/Library/Frameworks/Accelerate.framework/Versions/A/Frameworks/vecLib.framework/Versions/A/libLinearAlgebra.dylib
0x00007fff2aa20000 	/System/Library/Frameworks/Accelerate.framework/Versions/A/Frameworks/vecLib.framework/Versions/A/libSparseBLAS.dylib
0x00007fff2aa5b000 	/System/Library/Frameworks/Accelerate.framework/Versions/A/Frameworks/vecLib.framework/Versions/A/libQuadrature.dylib
0x00007fff29404000 	/System/Library/Frameworks/Accelerate.framework/Versions/A/Frameworks/vecLib.framework/Versions/A/libBNNS.dylib
0x00007fff20e6c000 	/System/Library/Frameworks/Accelerate.framework/Versions/A/Frameworks/vecLib.framework/Versions/A/libSparse.dylib
0x00007fff292e0000 	/System/Library/Frameworks/MetalPerformanceShaders.framework/Versions/A/Frameworks/MPSCore.framework/Versions/A/MPSCore
0x00007fff2a44c000 	/System/Library/Frameworks/MetalPerformanceShaders.framework/Versions/A/Frameworks/MPSImage.framework/Versions/A/MPSImage
0x00007fff29fed000 	/System/Library/Frameworks/MetalPerformanceShaders.framework/Versions/A/Frameworks/MPSNeuralNetwork.framework/Versions/A/MPSNeuralNetwork
0x00007fff2a3be000 	/System/Library/Frameworks/MetalPerformanceShaders.framework/Versions/A/Frameworks/MPSMatrix.framework/Versions/A/MPSMatrix
0x00007fff2a20c000 	/System/Library/Frameworks/MetalPerformanceShaders.framework/Versions/A/Frameworks/MPSRayIntersector.framework/Versions/A/MPSRayIntersector
0x00007fff2a3f5000 	/System/Library/Frameworks/MetalPerformanceShaders.framework/Versions/A/Frameworks/MPSNDArray.framework/Versions/A/MPSNDArray
0x00007fff20bc2000 	/System/Library/PrivateFrameworks/MetalTools.framework/Versions/A/MetalTools
0x00007fff29350000 	/System/Library/PrivateFrameworks/AggregateDictionary.framework/Versions/A/AggregateDictionary
0x00007fff264b0000 	/System/Library/PrivateFrameworks/CoreAnalytics.framework/Versions/A/CoreAnalytics
0x00007fff2a9e5000 	/System/Library/PrivateFrameworks/AppleSauce.framework/Versions/A/AppleSauce
0x00007fff28652000 	/System/Library/PrivateFrameworks/IOAccelerator.framework/Versions/A/IOAccelerator
0x00007fff6be27000 	/System/Library/Frameworks/OpenGL.framework/Versions/A/Libraries/libCoreFSCache.dylib
0x00007fff21526000 	/System/Library/PrivateFrameworks/LanguageModeling.framework/Versions/A/LanguageModeling
0x00007fff29b8e000 	/System/Library/PrivateFrameworks/CoreEmoji.framework/Versions/A/CoreEmoji
0x00007fff293fd000 	/System/Library/PrivateFrameworks/LinguisticData.framework/Versions/A/LinguisticData
0x00007fff20e1e000 	/System/Library/PrivateFrameworks/Lexicon.framework/Versions/A/Lexicon
0x00007fff2a8f7000 	/usr/lib/libcmph.dylib
0x00007fff274a7000 	/System/Library/Frameworks/OpenDirectory.framework/Versions/A/Frameworks/CFOpenDirectory.framework/Versions/A/CFOpenDirectory
0x00007fff27497000 	/System/Library/Frameworks/OpenDirectory.framework/Versions/A/OpenDirectory
0x00007fff2ae71000 	/System/Library/PrivateFrameworks/APFS.framework/Versions/A/APFS
0x00007fff29eb4000 	/System/Library/Frameworks/SecurityFoundation.framework/Versions/A/SecurityFoundation
0x00007fff2af7b000 	/usr/lib/libutil.dylib
0x00007fff22b1c000 	/System/Library/PrivateFrameworks/CoreServicesStore.framework/Versions/A/CoreServicesStore
0x00007fff29f4a000 	/System/Library/Frameworks/ServiceManagement.framework/Versions/A/ServiceManagement
0x00007fff2af7f000 	/usr/lib/libxslt.1.dylib
0x00007fff29f40000 	/System/Library/PrivateFrameworks/BackgroundTaskManagement.framework/Versions/A/BackgroundTaskManagement
0x00007fff2c08a000 	/System/Library/Frameworks/ImageIO.framework/Versions/A/Resources/libRadiance.dylib
0x00007fff2c093000 	/System/Library/Frameworks/ImageIO.framework/Versions/A/Resources/libJPEG.dylib
0x00007fff2bfde000 	/System/Library/Frameworks/ImageIO.framework/Versions/A/Resources/libPng.dylib
0x00007fff2c005000 	/System/Library/Frameworks/ImageIO.framework/Versions/A/Resources/libTIFF.dylib
0x00007fff2c0e8000 	/System/Library/Frameworks/ImageIO.framework/Versions/A/Resources/libGIF.dylib
0x00007fff2bd31000 	/System/Library/Frameworks/ImageIO.framework/Versions/A/Resources/libJP2.dylib
0x00007fff2b44d000 	/usr/lib/libexpat.1.dylib
0x00007fff2bce7000 	/System/Library/PrivateFrameworks/AppleJPEG.framework/Versions/A/AppleJPEG
0x00007fff28888000 	/System/Library/PrivateFrameworks/FontServices.framework/libFontParser.dylib
0x00007fff26257000 	/System/Library/PrivateFrameworks/RunningBoardServices.framework/Versions/A/RunningBoardServices
0x00007fff2be10000 	/System/Library/PrivateFrameworks/WatchdogClient.framework/Versions/A/WatchdogClient
0x00007fff2160f000 	/System/Library/Frameworks/CoreDisplay.framework/Versions/A/CoreDisplay
0x00007fff2879d000 	/System/Library/Frameworks/CoreMedia.framework/Versions/A/CoreMedia
0x00007fff27627000 	/System/Library/Frameworks/CoreVideo.framework/Versions/A/CoreVideo
0x00007fff2be4b000 	/System/Library/Frameworks/VideoToolbox.framework/Versions/A/VideoToolbox
0x00007fff261d7000 	/System/Library/PrivateFrameworks/BaseBoard.framework/Versions/A/BaseBoard
0x00007fff2b591000 	/System/Library/PrivateFrameworks/PersistentConnection.framework/Versions/A/PersistentConnection
0x00007fff25f7d000 	/System/Library/PrivateFrameworks/ProtocolBuffer.framework/Versions/A/ProtocolBuffer
0x00007fff261bf000 	/System/Library/PrivateFrameworks/CommonUtilities.framework/Versions/A/CommonUtilities
0x00007fff2bcaa000 	/System/Library/PrivateFrameworks/Bom.framework/Versions/A/Bom
0x00007fff2c082000 	/System/Library/PrivateFrameworks/GPUWrangler.framework/Versions/A/GPUWrangler
0x00007fff2c065000 	/System/Library/PrivateFrameworks/IOPresentment.framework/Versions/A/IOPresentment
0x00007fff2c08d000 	/System/Library/PrivateFrameworks/DSExternalDisplay.framework/Versions/A/DSExternalDisplay
0x00007fff2c0ed000 	/System/Library/PrivateFrameworks/CMCaptureCore.framework/Versions/A/CMCaptureCore
0x00007fff2ba2d000 	/System/Library/PrivateFrameworks/AppServerSupport.framework/Versions/A/AppServerSupport
0x00007fff2dac8000 	/System/Library/PrivateFrameworks/perfdata.framework/Versions/A/perfdata
0x00007fff29ea3000 	/System/Library/PrivateFrameworks/AssertionServices.framework/Versions/A/AssertionServices
0x00007fff21746000 	/System/Library/PrivateFrameworks/AudioToolboxCore.framework/Versions/A/AudioToolboxCore
0x00007fff28780000 	/System/Library/PrivateFrameworks/caulk.framework/Versions/A/caulk
0x00007fff3cf74000 	/System/Library/PrivateFrameworks/SystemPolicy.framework/Versions/A/SystemPolicy
0x00007fff2b25c000 	/usr/lib/libIOReport.dylib
0x00007fff2d304000 	/usr/lib/libSMC.dylib
0x00007fff2bfaa000 	/usr/lib/libAudioToolboxUtility.dylib
0x00007fff3d8d1000 	/usr/lib/libmis.dylib
0x00007fff6be83000 	/System/Library/Frameworks/OpenGL.framework/Versions/A/Libraries/libGLU.dylib
0x00007fff6be46000 	/System/Library/Frameworks/OpenGL.framework/Versions/A/Libraries/libGFXShared.dylib
0x00007fff6c054000 	/System/Library/Frameworks/OpenGL.framework/Versions/A/Libraries/libGL.dylib
0x00007fff6be4f000 	/System/Library/Frameworks/OpenGL.framework/Versions/A/Libraries/libGLImage.dylib
0x00007fff6be43000 	/System/Library/Frameworks/OpenGL.framework/Versions/A/Libraries/libCVMSPluginSupport.dylib
0x00007fff6be2e000 	/System/Library/Frameworks/OpenGL.framework/Versions/A/Libraries/libCoreVMClient.dylib
0x00007fff6d49e000 	/System/Library/Frameworks/OpenCL.framework/Versions/A/OpenCL
0x00007fff2b5ba000 	/System/Library/PrivateFrameworks/GraphVisualizer.framework/Versions/A/GraphVisualizer
0x00007fff2b5c9000 	/System/Library/PrivateFrameworks/FaceCore.framework/Versions/A/FaceCore
0x00007fff2b9e5000 	/System/Library/PrivateFrameworks/OTSVG.framework/Versions/A/OTSVG
0x00007fff2721c000 	/System/Library/Frameworks/ApplicationServices.framework/Versions/A/Frameworks/ATS.framework/Versions/A/Resources/libFontRegistry.dylib
0x00007fff2ba34000 	/System/Library/PrivateFrameworks/FontServices.framework/libhvf.dylib
0x00007fff2b3f9000 	/System/Library/PrivateFrameworks/AppleVA.framework/Versions/A/AppleVA
0x00007fff2d14c000 	/System/Library/Frameworks/ApplicationServices.framework/Versions/A/Frameworks/ATS.framework/Versions/A/ATS
0x00007fff2d45f000 	/System/Library/Frameworks/ApplicationServices.framework/Versions/A/Frameworks/ColorSyncLegacy.framework/Versions/A/ColorSyncLegacy
0x00007fff2574a000 	/System/Library/Frameworks/ApplicationServices.framework/Versions/A/Frameworks/HIServices.framework/Versions/A/HIServices
0x00007fff2d444000 	/System/Library/Frameworks/ApplicationServices.framework/Versions/A/Frameworks/LangAnalysis.framework/Versions/A/LangAnalysis
0x00007fff2c0f7000 	/System/Library/Frameworks/ApplicationServices.framework/Versions/A/Frameworks/PrintCore.framework/Versions/A/PrintCore
0x00007fff2d467000 	/System/Library/Frameworks/ApplicationServices.framework/Versions/A/Frameworks/QD.framework/Versions/A/QD
0x00007fff2d13c000 	/System/Library/Frameworks/ApplicationServices.framework/Versions/A/Frameworks/SpeechSynthesis.framework/Versions/A/SpeechSynthesis
0x00007fff2c0b8000 	/System/Library/Frameworks/ApplicationServices.framework/Versions/A/Frameworks/ATSUI.framework/Versions/A/ATSUI
0x00007fff2d3e4000 	/usr/lib/libcups.2.dylib
0x00007fff2d454000 	/System/Library/PrivateFrameworks/NetAuth.framework/Versions/A/NetAuth
0x00007fff2dae3000 	/System/Library/Frameworks/Kerberos.framework/Versions/A/Kerberos
0x00007fff2daf3000 	/System/Library/Frameworks/GSS.framework/Versions/A/GSS
0x00007fff2d1b9000 	/usr/lib/libresolv.9.dylib
0x00007fff2ba4a000 	/System/Library/PrivateFrameworks/Heimdal.framework/Versions/A/Heimdal
0x00007fff337aa000 	/System/Library/Frameworks/Kerberos.framework/Versions/A/Libraries/libHeimdalProxy.dylib
0x00007fff26324000 	/System/Library/Frameworks/Network.framework/Versions/A/Network
0x00007fff2b466000 	/usr/lib/libheimdal-asn1.dylib
0x00007fff2db44000 	/System/Library/PrivateFrameworks/CommonAuth.framework/Versions/A/CommonAuth
0x00007fff27675000 	/System/Library/PrivateFrameworks/login.framework/Versions/A/Frameworks/loginsupport.framework/Versions/A/loginsupport
0x00007fff2d0c3000 	/System/Library/PrivateFrameworks/AudioSession.framework/Versions/A/AudioSession
0x00007fff2d129000 	/usr/lib/libAudioStatistics.dylib
0x00007fff2b4f2000 	/System/Library/PrivateFrameworks/MediaExperience.framework/Versions/A/MediaExperience
0x00007fff2cf5c000 	/System/Library/PrivateFrameworks/AudioSession.framework/libSessionUtility.dylib
0x00007fff2dad4000 	/usr/lib/libperfcheck.dylib
0x00007fff2d473000 	/System/Library/PrivateFrameworks/AudioResourceArbitration.framework/Versions/A/AudioResourceArbitration
0x00007fff2b470000 	/System/Library/PrivateFrameworks/IconFoundation.framework/Versions/A/IconFoundation
0x00007fff2ff77000 	/System/Library/PrivateFrameworks/SpeechRecognitionCore.framework/Versions/A/SpeechRecognitionCore
0x0000000111800000 	/Library/Java/JavaVirtualMachines/jdk-16.0.2.jdk/Contents/Home/lib/server/libjvm.dylib
0x000000010d5ad000 	/Library/Java/JavaVirtualMachines/jdk-16.0.2.jdk/Contents/Home/lib/libjimage.dylib
0x000000010d5c8000 	/Library/Java/JavaVirtualMachines/jdk-16.0.2.jdk/Contents/Home/lib/libinstrument.dylib
0x000000010d5ed000 	/Library/Java/JavaVirtualMachines/jdk-16.0.2.jdk/Contents/Home/lib/libjava.dylib
0x000000010d651000 	/private/var/folders/36/x6n__5nj5472749q6h2wfffw0000gn/T/libasyncProfiler.so
0x0000000131fdb000 	/Library/Java/JavaVirtualMachines/jdk-16.0.2.jdk/Contents/Home/lib/libzip.dylib
0x00000001346f8000 	/Library/Java/JavaVirtualMachines/jdk-16.0.2.jdk/Contents/Home/lib/libnio.dylib
0x0000000134728000 	/Library/Java/JavaVirtualMachines/jdk-16.0.2.jdk/Contents/Home/lib/libnet.dylib
0x0000000134805000 	/Library/Java/JavaVirtualMachines/jdk-16.0.2.jdk/Contents/Home/lib/libextnet.dylib
0x000000011299f000 	/Library/Java/JavaVirtualMachines/jdk-16.0.2.jdk/Contents/Home/lib/libmanagement.dylib
0x00000001129bf000 	/Library/Java/JavaVirtualMachines/jdk-16.0.2.jdk/Contents/Home/lib/libmanagement_ext.dylib


VM Arguments:
jvm_args: -XX:TieredStopAtLevel=1 -Xverify:none -Dspring.output.ansi.enabled=always -javaagent:/Applications/IntelliJ IDEA.app/Contents/lib/idea_rt.jar=54621:/Applications/IntelliJ IDEA.app/Contents/bin -Dcom.sun.management.jmxremote -Dspring.jmx.enabled=true -Dspring.liveBeansView.mbeanDomain -Dspring.application.admin.enabled=true -agentpath:/private/var/folders/36/x6n__5nj5472749q6h2wfffw0000gn/T/libasyncProfiler.so=start,jfr,event=cpu,interval=1ms,event=alloc,file=/Users/timothylefkowitz/photonlabs_2021_08_30_153215.jfr -Dfile.encoding=UTF-8 
java_command: com.home.facebookclone.FaceBookCloneApplication
java_class_path (initial): /Users/timothylefkowitz/IdeaProjects/photonlabs/target/classes:/Users/timothylefkowitz/.m2/repository/org/springframework/boot/spring-boot-starter-web/2.5.2/spring-boot-starter-web-2.5.2.jar:/Users/timothylefkowitz/.m2/repository/org/springframework/boot/spring-boot-starter/2.5.2/spring-boot-starter-2.5.2.jar:/Users/timothylefkowitz/.m2/repository/org/springframework/boot/spring-boot-starter-logging/2.5.2/spring-boot-starter-logging-2.5.2.jar:/Users/timothylefkowitz/.m2/repository/ch/qos/logback/logback-classic/1.2.3/logback-classic-1.2.3.jar:/Users/timothylefkowitz/.m2/repository/ch/qos/logback/logback-core/1.2.3/logback-core-1.2.3.jar:/Users/timothylefkowitz/.m2/repository/org/apache/logging/log4j/log4j-to-slf4j/2.14.1/log4j-to-slf4j-2.14.1.jar:/Users/timothylefkowitz/.m2/repository/org/apache/logging/log4j/log4j-api/2.14.1/log4j-api-2.14.1.jar:/Users/timothylefkowitz/.m2/repository/org/slf4j/jul-to-slf4j/1.7.31/jul-to-slf4j-1.7.31.jar:/Users/timothylefkowitz/.m2/repository/jakarta/annotation/jakarta.annotation-api/1.3.5/jakarta.annotation-api-1.3.5.jar:/Users/timothylefkowitz/.m2/repository/org/yaml/snakeyaml/1.28/snakeyaml-1.28.jar:/Users/timothylefkowitz/.m2/repository/org/springframework/boot/spring-boot-starter-json/2.5.2/spring-boot-starter-json-2.5.2.jar:/Users/timothylefkowitz/.m2/repository/com/fasterxml/jackson/datatype/jackson-datatype-jdk8/2.12.3/jackson-datatype-jdk8-2.12.3.jar:/Users/timothylefkowitz/.m2/repository/com/fasterxml/jackson/datatype/jackson-datatype-jsr310/2.12.3/jackson-datatype-jsr310-2.12.3.jar:/Users/timothylefkowitz/.m2/repository/com/fasterxml/jackson/module/jackson-module-parameter-names/2.12.3/jackson-module-parameter-names-2.12.3.jar:/Users/timothylefkowitz/.m2/repository/org/springframework/boot/spring-boot-starter-tomcat/2.5.2/spring-boot-starter-tomcat-2.5.2.jar:/Users/timothylefkowitz/.m2/repository/org/apache/tomcat/embed/tomcat-embed-core/9.0.48/tomcat-embed-core-9.0.48.jar:/Users/timothylefkow
Launcher Type: SUN_STANDARD

[Global flags]
     intx CICompilerCount                          = 4                                         {product} {ergonomic}
     uint ConcGCThreads                            = 2                                         {product} {ergonomic}
     uint G1ConcRefinementThreads                  = 8                                         {product} {ergonomic}
   size_t G1HeapRegionSize                         = 1048576                                   {product} {ergonomic}
    uintx GCDrainStackTargetSize                   = 64                                        {product} {ergonomic}
   size_t InitialHeapSize                          = 134217728                                 {product} {ergonomic}
     bool ManagementServer                         = true                                      {product} {command line}
   size_t MarkStackSize                            = 4194304                                   {product} {ergonomic}
   size_t MaxHeapSize                              = 2147483648                                {product} {ergonomic}
   size_t MaxNewSize                               = 1287651328                                {product} {ergonomic}
   size_t MinHeapDeltaBytes                        = 1048576                                   {product} {ergonomic}
   size_t MinHeapSize                              = 8388608                                   {product} {ergonomic}
    uintx NonNMethodCodeHeapSize                   = 7549744                                {pd product} {ergonomic}
    uintx NonProfiledCodeHeapSize                  = 244108496                              {pd product} {ergonomic}
    uintx ProfiledCodeHeapSize                     = 0                                      {pd product} {ergonomic}
    uintx ReservedCodeCacheSize                    = 251658240                              {pd product} {ergonomic}
     bool SegmentedCodeCache                       = true                                      {product} {ergonomic}
   size_t SoftMaxHeapSize                          = 2147483648                             {manageable} {ergonomic}
     intx TieredStopAtLevel                        = 1                                         {product} {command line}
     bool UseCompressedClassPointers               = true                           {product lp64_product} {ergonomic}
     bool UseCompressedOops                        = true                           {product lp64_product} {ergonomic}
     bool UseG1GC                                  = true                                      {product} {ergonomic}
     bool UseNUMA                                  = false                                     {product} {ergonomic}
     bool UseNUMAInterleaving                      = false                                     {product} {ergonomic}

Logging:
Log output configuration:
 #0: stdout all=warning,jni+resolve=error uptime,level,tags (reconfigured)
 #1: stderr all=off uptime,level,tags

Environment Variables:
PATH=/opt/homebrew/bin:/opt/homebrew/sbin:/usr/local/bin:/usr/bin:/bin:/usr/sbin:/sbin
SHELL=/bin/zsh
LC_CTYPE=en_US.UTF-8

Signal Handlers:
SIGSEGV: [libjvm.dylib+0xa7bdc0], sa_mask[0]=11100110100111111111111111111111, sa_flags=SA_ONSTACK|SA_RESTART|SA_SIGINFO
SIGBUS: [libjvm.dylib+0xa7bdc0], sa_mask[0]=11100110100111111111111111111111, sa_flags=SA_RESTART|SA_SIGINFO
SIGFPE: [libjvm.dylib+0xa7bdc0], sa_mask[0]=11100110100111111111111111111111, sa_flags=SA_RESTART|SA_SIGINFO
SIGPIPE: [libjvm.dylib+0x945be0], sa_mask[0]=11100110100111111111111111111111, sa_flags=SA_RESTART|SA_SIGINFO
SIGXFSZ: [libjvm.dylib+0x945be0], sa_mask[0]=11100110100111111111111111111111, sa_flags=SA_RESTART|SA_SIGINFO
SIGILL: [libjvm.dylib+0xa7bdc0], sa_mask[0]=11100110100111111111111111111111, sa_flags=SA_RESTART|SA_SIGINFO
SIGUSR2: [libjvm.dylib+0x946690], sa_mask[0]=00100000000000000000000000000000, sa_flags=SA_RESTART|SA_SIGINFO
SIGHUP: [libjvm.dylib+0x944c50], sa_mask[0]=11100110100111111111111111111111, sa_flags=SA_RESTART|SA_SIGINFO
SIGINT: [libjvm.dylib+0x944c50], sa_mask[0]=11100110100111111111111111111111, sa_flags=SA_RESTART|SA_SIGINFO
SIGTERM: [libjvm.dylib+0x944c50], sa_mask[0]=11100110100111111111111111111111, sa_flags=SA_RESTART|SA_SIGINFO
SIGQUIT: [libjvm.dylib+0x944c50], sa_mask[0]=11100110100111111111111111111111, sa_flags=SA_RESTART|SA_SIGINFO
SIGTRAP: [libjvm.dylib+0xa7bdc0], sa_mask[0]=11100110100111111111111111111111, sa_flags=SA_RESTART|SA_SIGINFO


---------------  S Y S T E M  ---------------

OS:uname: Darwin 20.6.0 Darwin Kernel Version 20.6.0: Wed Jun 23 00:26:27 PDT 2021; root:xnu-7195.141.2~5/RELEASE_ARM64_T8101 x86_64
OS uptime: 7 days 21:40 hours
rlimit (soft/hard): STACK 8176k/65520k , CORE 0k/infinity , NPROC 1333/2000 , NOFILE 10240/infinity , AS infinity/infinity , CPU infinity/infinity , DATA infinity/infinity , FSIZE infinity/infinity , MEMLOCK infinity/infinity , RSS infinity/infinity
load average: 3.48 1.90 1.37

CPU: total 8 (initial active 8) (1 cores per cpu, 1 threads per core) family 6 model 44 stepping 0 microcode 0x0, cx8, cmov, fxsr, mmx, sse, sse2, sse3, ssse3, sse4.1, sse4.2, popcnt, tsc, tscinvbit, aes, clmul, clflush

Memory: 4k page, physical 8388608k(20636k free), swap 2097152k(1104128k free)

vm_info: Java HotSpot(TM) 64-Bit Server VM (16.0.2+7-67) for bsd-amd64 JRE (16.0.2+7-67), built on Jun  8 2021 22:22:46 by "mach5one" with clang 4.2.1 Compatible Apple LLVM 11.0.0 (clang-1100.0.33.17)

END.
